  pch.cpp
  CameraManager.cpp
  CollisionManager.cpp
  FileManager.cpp
  Frame.cpp
  FrameManager.cpp
  GameObject.cpp
  GdiImage.cpp
  GdiManager.cpp
  GdiPlusImage.cpp
  GdiPlusManager.cpp
  KeyManager.cpp
  Maingame.cpp
  ObjectManager.cpp
  Project_Beom.cpp
  Scene.cpp
  SceneManager.cpp
  System.cpp
  Timer.cpp
  TimerManager.cpp
  코드를 생성하고 있습니다.
  Previous IPDB not found, fall back to full compilation.
  All 615 functions were compiled because no usable IPDB/IOBJ from previous compilation was found.
  코드를 생성했습니다.
  Project_Beom.vcxproj -> C:\Users\Bum\Desktop\GitHub\MetalSlug\Project_Beom\Release\Project_Beom.exe
