  Item.cpp
  Player.cpp
  PlayerBottomBombAttState.cpp
  PlayerBottomDownAttState.cpp
  PlayerBottomDownMoveState.cpp
  PlayerBottomDownState.cpp
  PlayerTopBombAttState.cpp
  PlayerTopDiagonalDownToStandState.cpp
  PlayerTopDiagonalStandToDownState.cpp
  PlayerTopDiagonalStandToUpState.cpp
  PlayerTopDiagonalUpToStandState.cpp
  PlayerTopJumpAttState.cpp
  PlayerTopJumpBombAttState.cpp
  PlayerTopJumpRunState.cpp
  PlayerTopJumpState.cpp
  PlayerTopRunJumpAttState.cpp
  PlayerTopRunState.cpp
  PlayerTopStandAttState.cpp
  PlayerTopStandState.cpp
  PlayerTopUnderAttState.cpp
  코드를 생성하고 있습니다...
  컴파일하고 있습니다...
  PlayerTopUnderState.cpp
  PlayerTopUpAttState.cpp
  PlayerTopUpState.cpp
  TestScene.cpp
  코드를 생성하고 있습니다...
  Project_Beom.vcxproj -> C:\Users\Bum\Desktop\GitHub\MetalSlug\Project_Beom\Debug\Project_Beom.exe
